# JRE version: Java(TM) SE Runtime Environment (8.0_141-b15) (build 1.8.0_141-b15)
# Java VM: Java HotSpot(TM) Server VM (25.141-b15 mixed mode linux-x86 )
Heap:
 PSYoungGen      total 122368K, used 7934K [0x95400000, 0x9d380000, 0xa7800000)
  eden space 114432K, 0% used [0x95400000,0x95400000,0x9c3c0000)
  from space 7936K, 99% used [0x9c3c0000,0x9cb7fbe0,0x9cb80000)
  to   space 7680K, 0% used [0x9cb80000,0x9cb80000,0x9d300000)
 ParOldGen       total 34048K, used 14943K [0x70c00000, 0x72d40000, 0x95400000)
  object space 34048K, 43% used [0x70c00000,0x71a97ee8,0x72d40000)
 Metaspace       used 20740K, capacity 21057K, committed 21248K, reserved 21808K
GC Heap History (10 events):
Event: 3,393 GC heap after
Heap after GC invocations=3 (full 0):
 PSYoungGen      total 30976K, used 2289K [0x95400000, 0x99080000, 0xa7800000)
  eden space 28672K, 0% used [0x95400000,0x95400000,0x97000000)
  from space 2304K, 99% used [0x97000000,0x9723c428,0x97240000)
  to   space 2304K, 0% used [0x98e40000,0x98e40000,0x99080000)
 ParOldGen       total 38400K, used 9323K [0x70c00000, 0x73180000, 0x95400000)
  object space 38400K, 24% used [0x70c00000,0x7151af20,0x73180000)
 Metaspace       used 8744K, capacity 9028K, committed 9112K, reserved 9520K
}
Event: 21,698 GC heap before
{Heap before GC invocations=4 (full 0):
 PSYoungGen      total 30976K, used 30961K [0x95400000, 0x99080000, 0xa7800000)
  eden space 28672K, 100% used [0x95400000,0x97000000,0x97000000)
  from space 2304K, 99% used [0x97000000,0x9723c428,0x97240000)
  to   space 2304K, 0% used [0x98e40000,0x98e40000,0x99080000)
 ParOldGen       total 38400K, used 9323K [0x70c00000, 0x73180000, 0x95400000)
  object space 38400K, 24% used [0x70c00000,0x7151af20,0x73180000)
 Metaspace       used 10624K, capacity 10949K, committed 11032K, reserved 11568K
Event: 21,716 GC heap after
Heap after GC invocations=4 (full 0):
 PSYoungGen      total 59648K, used 2288K [0x95400000, 0x99080000, 0xa7800000)
  eden space 57344K, 0% used [0x95400000,0x95400000,0x98c00000)
  from space 2304K, 99% used [0x98e40000,0x9907c3f8,0x99080000)
  to   space 2304K, 0% used [0x98c00000,0x98c00000,0x98e40000)
 ParOldGen       total 38400K, used 11771K [0x70c00000, 0x73180000, 0x95400000)
  object space 38400K, 30% used [0x70c00000,0x7177ed80,0x73180000)
 Metaspace       used 10624K, capacity 10949K, committed 11032K, reserved 11568K
}
Event: 23,392 GC heap before
{Heap before GC invocations=5 (full 0):
 PSYoungGen      total 59648K, used 59632K [0x95400000, 0x99080000, 0xa7800000)
  eden space 57344K, 100% used [0x95400000,0x98c00000,0x98c00000)
  from space 2304K, 99% used [0x98e40000,0x9907c3f8,0x99080000)
  to   space 2304K, 0% used [0x98c00000,0x98c00000,0x98e40000)
 ParOldGen       total 38400K, used 11771K [0x70c00000, 0x73180000, 0x95400000)
  object space 38400K, 30% used [0x70c00000,0x7177ed80,0x73180000)
 Metaspace       used 14258K, capacity 14606K, committed 14744K, reserved 15664K
Event: 23,424 GC heap after
Heap after GC invocations=5 (full 0):
 PSYoungGen      total 59648K, used 2296K [0x95400000, 0x9d300000, 0xa7800000)
  eden space 57344K, 0% used [0x95400000,0x95400000,0x98c00000)
  from space 2304K, 99% used [0x98c00000,0x98e3e358,0x98e40000)
  to   space 7680K, 0% used [0x9cb80000,0x9cb80000,0x9d300000)
 ParOldGen       total 38400K, used 15153K [0x70c00000, 0x73180000, 0x95400000)
  object space 38400K, 39% used [0x70c00000,0x71acc580,0x73180000)
 Metaspace       used 14258K, capacity 14606K, committed 14744K, reserved 15664K
}
Event: 23,971 GC heap before
{Heap before GC invocations=6 (full 0):
 PSYoungGen      total 59648K, used 13625K [0x95400000, 0x9d300000, 0xa7800000)
  eden space 57344K, 19% used [0x95400000,0x95f102d0,0x98c00000)
  from space 2304K, 99% used [0x98c00000,0x98e3e358,0x98e40000)
  to   space 7680K, 0% used [0x9cb80000,0x9cb80000,0x9d300000)
 ParOldGen       total 38400K, used 15153K [0x70c00000, 0x73180000, 0x95400000)
  object space 38400K, 39% used [0x70c00000,0x71acc580,0x73180000)
 Metaspace       used 15988K, capacity 16327K, committed 16384K, reserved 16688K
Event: 23,985 GC heap after
Heap after GC invocations=6 (full 0):
 PSYoungGen      total 122112K, used 3443K [0x95400000, 0x9d380000, 0xa7800000)
  eden space 114432K, 0% used [0x95400000,0x95400000,0x9c3c0000)
  from space 7680K, 44% used [0x9cb80000,0x9cedce00,0x9d300000)
  to   space 7936K, 0% used [0x9c3c0000,0x9c3c0000,0x9cb80000)
 ParOldGen       total 38400K, used 15157K [0x70c00000, 0x73180000, 0x95400000)
  object space 38400K, 39% used [0x70c00000,0x71acd580,0x73180000)
 Metaspace       used 15988K, capacity 16327K, committed 16384K, reserved 16688K
}
Event: 23,985 GC heap before
{Heap before GC invocations=7 (full 1):
 PSYoungGen      total 122112K, used 3443K [0x95400000, 0x9d380000, 0xa7800000)
  eden space 114432K, 0% used [0x95400000,0x95400000,0x9c3c0000)
  from space 7680K, 44% used [0x9cb80000,0x9cedce00,0x9d300000)
  to   space 7936K, 0% used [0x9c3c0000,0x9c3c0000,0x9cb80000)
 ParOldGen       total 38400K, used 15157K [0x70c00000, 0x73180000, 0x95400000)
  object space 38400K, 39% used [0x70c00000,0x71acd580,0x73180000)
 Metaspace       used 15988K, capacity 16327K, committed 16384K, reserved 16688K
Event: 24,050 GC heap after
Heap after GC invocations=7 (full 1):
 PSYoungGen      total 122112K, used 0K [0x95400000, 0x9d380000, 0xa7800000)
  eden space 114432K, 0% used [0x95400000,0x95400000,0x9c3c0000)
  from space 7680K, 0% used [0x9cb80000,0x9cb80000,0x9d300000)
  to   space 7936K, 0% used [0x9c3c0000,0x9c3c0000,0x9cb80000)
 ParOldGen       total 34048K, used 11514K [0x70c00000, 0x72d40000, 0x95400000)
  object space 34048K, 33% used [0x70c00000,0x7173eb80,0x72d40000)
 Metaspace       used 15970K, capacity 16279K, committed 16384K, reserved 16688K
}
Event: 26,962 GC heap before
{Heap before GC invocations=8 (full 1):
 PSYoungGen      total 122112K, used 114432K [0x95400000, 0x9d380000, 0xa7800000)
  eden space 114432K, 100% used [0x95400000,0x9c3c0000,0x9c3c0000)
  from space 7680K, 0% used [0x9cb80000,0x9cb80000,0x9d300000)
  to   space 7936K, 0% used [0x9c3c0000,0x9c3c0000,0x9cb80000)
 ParOldGen       total 34048K, used 11514K [0x70c00000, 0x72d40000, 0x95400000)
  object space 34048K, 33% used [0x70c00000,0x7173eb80,0x72d40000)
 Metaspace       used 20740K, capacity 21057K, committed 21248K, reserved 21808K

