# JRE version: Java(TM) SE Runtime Environment (8.0_141-b15) (build 1.8.0_141-b15)
# Java VM: Java HotSpot(TM) Server VM (25.141-b15 mixed mode linux-x86 )
Heap:
 PSYoungGen      total 16640K, used 2297K [0x95400000, 0x96680000, 0xa7800000)
  eden space 14336K, 0% used [0x95400000,0x95400000,0x96200000)
  from space 2304K, 99% used [0x96440000,0x9667e5c8,0x96680000)
  to   space 2304K, 0% used [0x96200000,0x96200000,0x96440000)
 ParOldGen       total 38400K, used 9510K [0x70c00000, 0x73180000, 0x95400000)
  object space 38400K, 24% used [0x70c00000,0x715499c0,0x73180000)
 Metaspace       used 8738K, capacity 8996K, committed 9112K, reserved 9520K
GC Heap History (7 events):
Event: 3,592 GC heap before
{Heap before GC invocations=1 (full 0):
 PSYoungGen      total 16640K, used 14336K [0x95400000, 0x96680000, 0xa7800000)
  eden space 14336K, 100% used [0x95400000,0x96200000,0x96200000)
  from space 2304K, 0% used [0x96440000,0x96440000,0x96680000)
  to   space 2304K, 0% used [0x96200000,0x96200000,0x96440000)
 ParOldGen       total 38400K, used 0K [0x70c00000, 0x73180000, 0x95400000)
  object space 38400K, 0% used [0x70c00000,0x70c00000,0x73180000)
 Metaspace       used 4986K, capacity 5066K, committed 5144K, reserved 5424K
Event: 3,600 GC heap after
Heap after GC invocations=1 (full 0):
 PSYoungGen      total 16640K, used 2298K [0x95400000, 0x96680000, 0xa7800000)
  eden space 14336K, 0% used [0x95400000,0x95400000,0x96200000)
  from space 2304K, 99% used [0x96200000,0x9643e890,0x96440000)
  to   space 2304K, 0% used [0x96440000,0x96440000,0x96680000)
 ParOldGen       total 38400K, used 1450K [0x70c00000, 0x73180000, 0x95400000)
  object space 38400K, 3% used [0x70c00000,0x70d6a848,0x73180000)
 Metaspace       used 4986K, capacity 5066K, committed 5144K, reserved 5424K
}
Event: 14,700 GC heap before
{Heap before GC invocations=2 (full 0):
 PSYoungGen      total 16640K, used 16634K [0x95400000, 0x96680000, 0xa7800000)
  eden space 14336K, 100% used [0x95400000,0x96200000,0x96200000)
  from space 2304K, 99% used [0x96200000,0x9643e890,0x96440000)
  to   space 2304K, 0% used [0x96440000,0x96440000,0x96680000)
 ParOldGen       total 38400K, used 1450K [0x70c00000, 0x73180000, 0x95400000)
  object space 38400K, 3% used [0x70c00000,0x70d6a848,0x73180000)
 Metaspace       used 6054K, capacity 6340K, committed 6424K, reserved 6448K
Event: 14,718 GC heap after
Heap after GC invocations=2 (full 0):
 PSYoungGen      total 16640K, used 2303K [0x95400000, 0x96680000, 0xa7800000)
  eden space 14336K, 0% used [0x95400000,0x95400000,0x96200000)
  from space 2304K, 99% used [0x96440000,0x9667fc40,0x96680000)
  to   space 2304K, 0% used [0x96200000,0x96200000,0x96440000)
 ParOldGen       total 38400K, used 3597K [0x70c00000, 0x73180000, 0x95400000)
  object space 38400K, 9% used [0x70c00000,0x70f834a8,0x73180000)
 Metaspace       used 6054K, capacity 6340K, committed 6424K, reserved 6448K
}
Event: 16,501 GC heap before
{Heap before GC invocations=3 (full 0):
 PSYoungGen      total 16640K, used 16639K [0x95400000, 0x96680000, 0xa7800000)
  eden space 14336K, 100% used [0x95400000,0x96200000,0x96200000)
  from space 2304K, 99% used [0x96440000,0x9667fc40,0x96680000)
  to   space 2304K, 0% used [0x96200000,0x96200000,0x96440000)
 ParOldGen       total 38400K, used 3597K [0x70c00000, 0x73180000, 0x95400000)
  object space 38400K, 9% used [0x70c00000,0x70f834a8,0x73180000)
 Metaspace       used 8173K, capacity 8452K, committed 8472K, reserved 8496K
Event: 16,507 GC heap after
Heap after GC invocations=3 (full 0):
 PSYoungGen      total 16640K, used 2293K [0x95400000, 0x96680000, 0xa7800000)
  eden space 14336K, 0% used [0x95400000,0x95400000,0x96200000)
  from space 2304K, 99% used [0x96200000,0x9643d620,0x96440000)
  to   space 2304K, 0% used [0x96440000,0x96440000,0x96680000)
 ParOldGen       total 38400K, used 4183K [0x70c00000, 0x73180000, 0x95400000)
  object space 38400K, 10% used [0x70c00000,0x71015df8,0x73180000)
 Metaspace       used 8173K, capacity 8452K, committed 8472K, reserved 8496K
}
Event: 18,432 GC heap before
{Heap before GC invocations=4 (full 0):
 PSYoungGen      total 16640K, used 16629K [0x95400000, 0x96680000, 0xa7800000)
  eden space 14336K, 100% used [0x95400000,0x96200000,0x96200000)
  from space 2304K, 99% used [0x96200000,0x9643d620,0x96440000)
  to   space 2304K, 0% used [0x96440000,0x96440000,0x96680000)
 ParOldGen       total 38400K, used 4183K [0x70c00000, 0x73180000, 0x95400000)
  object space 38400K, 10% used [0x70c00000,0x71015df8,0x73180000)
 Metaspace       used 8738K, capacity 8996K, committed 9112K, reserved 9520K

