# JRE version: Java(TM) SE Runtime Environment (8.0_141-b15) (build 1.8.0_141-b15)
# Java VM: Java HotSpot(TM) Server VM (25.141-b15 mixed mode linux-x86 )
Heap:
 PSYoungGen      total 32768K, used 3598K [0x95400000, 0x97980000, 0xa7800000)
  eden space 27648K, 0% used [0x95400000,0x95400000,0x96f00000)
  from space 5120K, 70% used [0x97480000,0x97803a08,0x97980000)
  to   space 5120K, 0% used [0x96f00000,0x96f00000,0x97400000)
 ParOldGen       total 38400K, used 8555K [0x70c00000, 0x73180000, 0x95400000)
  object space 38400K, 22% used [0x70c00000,0x7145ad30,0x73180000)
 Metaspace       used 16201K, capacity 16347K, committed 16384K, reserved 16688K
GC Heap History (10 events):
Event: 7,115 GC heap after
Heap after GC invocations=3 (full 0):
 PSYoungGen      total 16640K, used 2293K [0x95400000, 0x96680000, 0xa7800000)
  eden space 14336K, 0% used [0x95400000,0x95400000,0x96200000)
  from space 2304K, 99% used [0x96200000,0x9643d450,0x96440000)
  to   space 2304K, 0% used [0x96440000,0x96440000,0x96680000)
 ParOldGen       total 38400K, used 2778K [0x70c00000, 0x73180000, 0x95400000)
  object space 38400K, 7% used [0x70c00000,0x70eb69c0,0x73180000)
 Metaspace       used 8826K, capacity 8886K, committed 8984K, reserved 9520K
}
Event: 8,067 GC heap before
{Heap before GC invocations=4 (full 0):
 PSYoungGen      total 16640K, used 16629K [0x95400000, 0x96680000, 0xa7800000)
  eden space 14336K, 100% used [0x95400000,0x96200000,0x96200000)
  from space 2304K, 99% used [0x96200000,0x9643d450,0x96440000)
  to   space 2304K, 0% used [0x96440000,0x96440000,0x96680000)
 ParOldGen       total 38400K, used 2778K [0x70c00000, 0x73180000, 0x95400000)
  object space 38400K, 7% used [0x70c00000,0x70eb69c0,0x73180000)
 Metaspace       used 10152K, capacity 10200K, committed 10392K, reserved 10544K
Event: 8,077 GC heap after
Heap after GC invocations=4 (full 0):
 PSYoungGen      total 16640K, used 2294K [0x95400000, 0x96680000, 0xa7800000)
  eden space 14336K, 0% used [0x95400000,0x95400000,0x96200000)
  from space 2304K, 99% used [0x96440000,0x9667dba8,0x96680000)
  to   space 2304K, 0% used [0x96200000,0x96200000,0x96440000)
 ParOldGen       total 38400K, used 4663K [0x70c00000, 0x73180000, 0x95400000)
  object space 38400K, 12% used [0x70c00000,0x7108dd38,0x73180000)
 Metaspace       used 10152K, capacity 10200K, committed 10392K, reserved 10544K
}
Event: 8,620 GC heap before
{Heap before GC invocations=5 (full 0):
 PSYoungGen      total 16640K, used 16630K [0x95400000, 0x96680000, 0xa7800000)
  eden space 14336K, 100% used [0x95400000,0x96200000,0x96200000)
  from space 2304K, 99% used [0x96440000,0x9667dba8,0x96680000)
  to   space 2304K, 0% used [0x96200000,0x96200000,0x96440000)
 ParOldGen       total 38400K, used 4663K [0x70c00000, 0x73180000, 0x95400000)
  object space 38400K, 12% used [0x70c00000,0x7108dd38,0x73180000)
 Metaspace       used 10775K, capacity 10813K, committed 10904K, reserved 11568K
Event: 8,631 GC heap after
Heap after GC invocations=5 (full 0):
 PSYoungGen      total 16640K, used 2301K [0x95400000, 0x97a00000, 0xa7800000)
  eden space 14336K, 0% used [0x95400000,0x95400000,0x96200000)
  from space 2304K, 99% used [0x96200000,0x9643f620,0x96440000)
  to   space 5120K, 0% used [0x97500000,0x97500000,0x97a00000)
 ParOldGen       total 38400K, used 6802K [0x70c00000, 0x73180000, 0x95400000)
  object space 38400K, 17% used [0x70c00000,0x712a49f8,0x73180000)
 Metaspace       used 10775K, capacity 10813K, committed 10904K, reserved 11568K
}
Event: 11,546 GC heap before
{Heap before GC invocations=6 (full 0):
 PSYoungGen      total 16640K, used 16637K [0x95400000, 0x97a00000, 0xa7800000)
  eden space 14336K, 100% used [0x95400000,0x96200000,0x96200000)
  from space 2304K, 99% used [0x96200000,0x9643f620,0x96440000)
  to   space 5120K, 0% used [0x97500000,0x97500000,0x97a00000)
 ParOldGen       total 38400K, used 6802K [0x70c00000, 0x73180000, 0x95400000)
  object space 38400K, 17% used [0x70c00000,0x712a49f8,0x73180000)
 Metaspace       used 12608K, capacity 12763K, committed 12824K, reserved 13616K
Event: 11,565 GC heap after
Heap after GC invocations=6 (full 0):
 PSYoungGen      total 18176K, used 4068K [0x95400000, 0x97900000, 0xa7800000)
  eden space 14080K, 0% used [0x95400000,0x95400000,0x961c0000)
  from space 4096K, 99% used [0x97500000,0x978f9350,0x97900000)
  to   space 5120K, 0% used [0x96f00000,0x96f00000,0x97400000)
 ParOldGen       total 38400K, used 6806K [0x70c00000, 0x73180000, 0x95400000)
  object space 38400K, 17% used [0x70c00000,0x712a59f8,0x73180000)
 Metaspace       used 12608K, capacity 12763K, committed 12824K, reserved 13616K
}
Event: 12,196 GC heap before
{Heap before GC invocations=7 (full 0):
 PSYoungGen      total 18176K, used 18148K [0x95400000, 0x97900000, 0xa7800000)
  eden space 14080K, 100% used [0x95400000,0x961c0000,0x961c0000)
  from space 4096K, 99% used [0x97500000,0x978f9350,0x97900000)
  to   space 5120K, 0% used [0x96f00000,0x96f00000,0x97400000)
 ParOldGen       total 38400K, used 6806K [0x70c00000, 0x73180000, 0x95400000)
  object space 38400K, 17% used [0x70c00000,0x712a59f8,0x73180000)
 Metaspace       used 14489K, capacity 14651K, committed 14744K, reserved 15664K
Event: 12,213 GC heap after
Heap after GC invocations=7 (full 0):
 PSYoungGen      total 32768K, used 3950K [0x95400000, 0x97980000, 0xa7800000)
  eden space 27648K, 0% used [0x95400000,0x95400000,0x96f00000)
  from space 5120K, 77% used [0x96f00000,0x972dba08,0x97400000)
  to   space 5120K, 0% used [0x97480000,0x97480000,0x97980000)
 ParOldGen       total 38400K, used 7724K [0x70c00000, 0x73180000, 0x95400000)
  object space 38400K, 20% used [0x70c00000,0x7138b290,0x73180000)
 Metaspace       used 14489K, capacity 14651K, committed 14744K, reserved 15664K
}
Event: 12,754 GC heap before
{Heap before GC invocations=8 (full 0):
 PSYoungGen      total 32768K, used 21119K [0x95400000, 0x97980000, 0xa7800000)
  eden space 27648K, 62% used [0x95400000,0x964c4210,0x96f00000)
  from space 5120K, 77% used [0x96f00000,0x972dba08,0x97400000)
  to   space 5120K, 0% used [0x97480000,0x97480000,0x97980000)
 ParOldGen       total 38400K, used 7724K [0x70c00000, 0x73180000, 0x95400000)
  object space 38400K, 20% used [0x70c00000,0x7138b290,0x73180000)
 Metaspace       used 16201K, capacity 16347K, committed 16384K, reserved 16688K

